#
# There is insufficient memory for the Java Runtime Environment to continue.
# Native memory allocation (mmap) failed to map 257949696 bytes. Error detail: G1 virtual space
# Possible reasons:
#   The system is out of physical RAM or swap space
#   This process is running with CompressedOops enabled, and the Java Heap may be blocking the growth of the native heap
# Possible solutions:
#   Reduce memory load on the system
#   Increase physical memory or swap space
#   Check if swap backing store is full
#   Decrease Java heap size (-Xmx/-Xms)
#   Decrease number of Java threads
#   Decrease Java thread stack sizes (-Xss)
#   Set larger code cache with -XX:ReservedCodeCacheSize=
#   JVM is running with Zero Based Compressed Oops mode in which the Java heap is
#     placed in the first 32GB address space. The Java Heap base address is the
#     maximum limit for the native heap growth. Please use -XX:HeapBaseMinAddress
#     to set the Java Heap base and to place the Java Heap above 32GB virtual address.
# This output file may be truncated or incomplete.
#
#  Out of Memory Error (os_windows.cpp:3616), pid=2716, tid=14864
#
# JRE version:  (21.0.4+7) (build )
# Java VM: OpenJDK 64-Bit Server VM (21.0.4+7-LTS, mixed mode, sharing, tiered, compressed oops, compressed class ptrs, g1 gc, windows-amd64)
# No core dump will be written. Minidumps are not enabled by default on client versions of Windows
#

---------------  S U M M A R Y ------------

Command Line: 

Host: AMD Ryzen 5 7430U with Radeon Graphics         , 12 cores, 15G,  Windows 11 , 64 bit Build 26100 (10.0.26100.7705)
Time: Tue Mar  3 20:15:00 2026 Malay Peninsula Standard Time elapsed time: 2.060263 seconds (0d 0h 0m 2s)

---------------  T H R E A D  ---------------

Current thread (0x000001fed2085070):  JavaThread "Unknown thread" [_thread_in_vm, id=14864, stack(0x000000ef72200000,0x000000ef72300000) (1024K)]

Stack: [0x000000ef72200000,0x000000ef72300000]
Native frames: (J=compiled Java code, j=interpreted, Vv=VM code, C=native code)
V  [jvm.dll+0x6cbcf9]
V  [jvm.dll+0x8a5551]
V  [jvm.dll+0x8a7a7e]
V  [jvm.dll+0x8a8153]
V  [jvm.dll+0x27eca6]
V  [jvm.dll+0x6c8445]
V  [jvm.dll+0x6bd13a]
V  [jvm.dll+0x354a0a]
V  [jvm.dll+0x35c5b6]
V  [jvm.dll+0x3adf3e]
V  [jvm.dll+0x3ae1e8]
V  [jvm.dll+0x328bcc]
V  [jvm.dll+0x32972b]
V  [jvm.dll+0x86e7b9]
V  [jvm.dll+0x3bac91]
V  [jvm.dll+0x857973]
V  [jvm.dll+0x44f32e]
V  [jvm.dll+0x450f71]
C  [jli.dll+0x5278]
C  [ucrtbase.dll+0x37b0]
C  [KERNEL32.DLL+0x2e8d7]
C  [ntdll.dll+0x8c40c]


---------------  P R O C E S S  ---------------

Threads class SMR info:
_java_thread_list=0x00007ffdb9a63088, length=0, elements={
}

Java Threads: ( => current thread )
Total: 0

Other Threads:
  0x000001fed42ff280 WorkerThread "GC Thread#0"                     [id=9100, stack(0x000000ef72300000,0x000000ef72400000) (1024K)]
  0x000001fed4311400 ConcurrentGCThread "G1 Main Marker"            [id=13304, stack(0x000000ef72400000,0x000000ef72500000) (1024K)]
  0x000001fed4314c90 WorkerThread "G1 Conc#0"                       [id=24292, stack(0x000000ef72500000,0x000000ef72600000) (1024K)]

[error occurred during error reporting (printing all threads), id 0xc0000005, EXCEPTION_ACCESS_VIOLATION (0xc0000005) at pc=0x00007ffdb916b4f7]
VM state: not at safepoint (not fully initialized)

VM Mutex/Monitor currently owned by a thread:  ([mutex/lock_event])
[0x00007ffdb9ad7408] Heap_lock - owner thread: 0x000001fed2085070

Heap address: 0x000000070a800000, size: 3928 MB, Compressed Oops mode: Zero based, Oop shift amount: 3

CDS archive(s) mapped at: [0x0000000000000000-0x0000000000000000-0x0000000000000000), size 0, SharedBaseAddress: 0x0000000800000000, ArchiveRelocationMode: 1.
Narrow klass base: 0x0000000000000000, Narrow klass shift: 0, Narrow klass range: 0x0

GC Precious Log:
 CardTable entry size: 512
 Card Set container configuration: InlinePtr #cards 4 size 8 Array Of Cards #cards 16 size 48 Howl #buckets 8 coarsen threshold 3686 Howl Bitmap #cards 512 size 80 coarsen threshold 460 Card regions per heap region 1 cards per card region 4096

Heap:
 garbage-first heap   total 0K, used 0K [0x000000070a800000, 0x0000000800000000)
  region size 2048K, 0 young (0K), 0 survivors (0K)

[error occurred during error reporting (printing heap information), id 0xc0000005, EXCEPTION_ACCESS_VIOLATION (0xc0000005) at pc=0x00007ffdb9555669]
GC Heap History (0 events):
No events

Dll operation events (1 events):
Event: 0.022 Loaded shared library C:\Program Files\Eclipse Adoptium\jdk-21.0.4.7-hotspot\bin\java.dll

Deoptimization events (0 events):
No events

Classes loaded (0 events):
No events

Classes unloaded (0 events):
No events

Classes redefined (0 events):
No events

Internal exceptions (0 events):
No events

ZGC Phase Switch (0 events):
No events

VM Operations (0 events):
No events

Memory protections (0 events):
No events

Nmethod flushes (0 events):
No events

Events (0 events):
No events


Dynamic libraries:
0x00007ff63bfa0000 - 0x00007ff63bfae000 	C:\Program Files\Eclipse Adoptium\jdk-21.0.4.7-hotspot\bin\java.exe
0x00007ffe6e820000 - 0x00007ffe6ea88000 	C:\WINDOWS\SYSTEM32\ntdll.dll
0x00007ffe6d300000 - 0x00007ffe6d3c9000 	C:\WINDOWS\System32\KERNEL32.DLL
0x00007ffe6bdc0000 - 0x00007ffe6c1b1000 	C:\WINDOWS\System32\KERNELBASE.dll
0x00007ffe6c330000 - 0x00007ffe6c47b000 	C:\WINDOWS\System32\ucrtbase.dll
0x00007ffe68870000 - 0x00007ffe68888000 	C:\Program Files\Eclipse Adoptium\jdk-21.0.4.7-hotspot\bin\jli.dll
0x00007ffe5e7b0000 - 0x00007ffe5e7cb000 	C:\Program Files\Eclipse Adoptium\jdk-21.0.4.7-hotspot\bin\VCRUNTIME140.dll
0x00007ffe6e010000 - 0x00007ffe6e1d6000 	C:\WINDOWS\System32\USER32.dll
0x00007ffe6b100000 - 0x00007ffe6b127000 	C:\WINDOWS\System32\win32u.dll
0x00007ffe6d5e0000 - 0x00007ffe6d60b000 	C:\WINDOWS\System32\GDI32.dll
0x00007ffe52740000 - 0x00007ffe529d3000 	C:\WINDOWS\WinSxS\amd64_microsoft.windows.common-controls_6595b64144ccf1df_6.0.26100.7824_none_3e0870b2e3345462\COMCTL32.dll
0x00007ffe6b2a0000 - 0x00007ffe6b3cb000 	C:\WINDOWS\System32\gdi32full.dll
0x00007ffe6c9c0000 - 0x00007ffe6ca69000 	C:\WINDOWS\System32\msvcrt.dll
0x00007ffe6b1f0000 - 0x00007ffe6b293000 	C:\WINDOWS\System32\msvcp_win.dll
0x00007ffe6c5c0000 - 0x00007ffe6c5f1000 	C:\WINDOWS\System32\IMM32.DLL
0x00007ffe66ac0000 - 0x00007ffe66acc000 	C:\Program Files\Eclipse Adoptium\jdk-21.0.4.7-hotspot\bin\vcruntime140_1.dll
0x00007ffe462f0000 - 0x00007ffe4637e000 	C:\Program Files\Eclipse Adoptium\jdk-21.0.4.7-hotspot\bin\msvcp140.dll
0x00007ffdb8e30000 - 0x00007ffdb9bb8000 	C:\Program Files\Eclipse Adoptium\jdk-21.0.4.7-hotspot\bin\server\jvm.dll
0x00007ffe6d750000 - 0x00007ffe6d804000 	C:\WINDOWS\System32\ADVAPI32.dll
0x00007ffe6d530000 - 0x00007ffe6d5d6000 	C:\WINDOWS\System32\sechost.dll
0x00007ffe6d630000 - 0x00007ffe6d748000 	C:\WINDOWS\System32\RPCRT4.dll
0x00007ffe6c610000 - 0x00007ffe6c684000 	C:\WINDOWS\System32\WS2_32.dll
0x00007ffe6af60000 - 0x00007ffe6afbe000 	C:\WINDOWS\SYSTEM32\POWRPROF.dll
0x00007ffe64f20000 - 0x00007ffe64f55000 	C:\WINDOWS\SYSTEM32\WINMM.dll
0x00007ffe64f60000 - 0x00007ffe64f6b000 	C:\WINDOWS\SYSTEM32\VERSION.dll
0x00007ffe6ae90000 - 0x00007ffe6aea4000 	C:\WINDOWS\SYSTEM32\UMPDC.dll
0x00007ffe69ea0000 - 0x00007ffe69ebb000 	C:\WINDOWS\SYSTEM32\kernel.appcore.dll
0x00007ffe535b0000 - 0x00007ffe535ba000 	C:\Program Files\Eclipse Adoptium\jdk-21.0.4.7-hotspot\bin\jimage.dll
0x00007ffe5f310000 - 0x00007ffe5f552000 	C:\WINDOWS\SYSTEM32\DBGHELP.DLL
0x00007ffe6e350000 - 0x00007ffe6e6d6000 	C:\WINDOWS\System32\combase.dll
0x00007ffe6d450000 - 0x00007ffe6d527000 	C:\WINDOWS\System32\OLEAUT32.dll
0x00007ffe5ff60000 - 0x00007ffe5ff9b000 	C:\WINDOWS\SYSTEM32\dbgcore.DLL
0x00007ffe6c480000 - 0x00007ffe6c525000 	C:\WINDOWS\System32\bcryptPrimitives.dll
0x00007ffe51c70000 - 0x00007ffe51c8f000 	C:\Program Files\Eclipse Adoptium\jdk-21.0.4.7-hotspot\bin\java.dll

dbghelp: loaded successfully - version: 4.0.5 - missing functions: none
symbol engine: initialized successfully - sym options: 0x614 - pdb path: .;C:\Program Files\Eclipse Adoptium\jdk-21.0.4.7-hotspot\bin;C:\WINDOWS\SYSTEM32;C:\WINDOWS\WinSxS\amd64_microsoft.windows.common-controls_6595b64144ccf1df_6.0.26100.7824_none_3e0870b2e3345462;C:\Program Files\Eclipse Adoptium\jdk-21.0.4.7-hotspot\bin\server

VM Arguments:
java_command: <unknown>
java_class_path (initial): <not set>
Launcher Type: SUN_STANDARD

[Global flags]
     intx CICompilerCount                          = 4                                         {product} {ergonomic}
     uint ConcGCThreads                            = 3                                         {product} {ergonomic}
     uint G1ConcRefinementThreads                  = 10                                        {product} {ergonomic}
   size_t G1HeapRegionSize                         = 2097152                                   {product} {ergonomic}
    uintx GCDrainStackTargetSize                   = 64                                        {product} {ergonomic}
   size_t InitialHeapSize                          = 257949696                                 {product} {ergonomic}
   size_t MarkStackSize                            = 4194304                                   {product} {ergonomic}
   size_t MaxHeapSize                              = 4118806528                                {product} {ergonomic}
   size_t MinHeapDeltaBytes                        = 2097152                                   {product} {ergonomic}
   size_t MinHeapSize                              = 8388608                                   {product} {ergonomic}
    uintx NonNMethodCodeHeapSize                   = 5839372                                {pd product} {ergonomic}
    uintx NonProfiledCodeHeapSize                  = 122909434                              {pd product} {ergonomic}
    uintx ProfiledCodeHeapSize                     = 122909434                              {pd product} {ergonomic}
    uintx ReservedCodeCacheSize                    = 251658240                              {pd product} {ergonomic}
     bool SegmentedCodeCache                       = true                                      {product} {ergonomic}
   size_t SoftMaxHeapSize                          = 4118806528                             {manageable} {ergonomic}
     bool UseCompressedOops                        = true                           {product lp64_product} {ergonomic}
     bool UseG1GC                                  = true                                      {product} {ergonomic}
     bool UseLargePagesIndividualAllocation        = false                                  {pd product} {ergonomic}

Logging:
Log output configuration:
 #0: stdout all=warning uptime,level,tags foldmultilines=false
 #1: stderr all=off uptime,level,tags foldmultilines=false

Environment Variables:
JAVA_HOME=C:\Program Files\Eclipse Adoptium\jdk-21.0.4.7-hotspot
PATH=C:\Program Files\PowerShell\7;c:\Users\Naszuan\AppData\Local\Programs\cursor\resources\app\bin;C:\Program Files\Eclipse Adoptium\jdk-21.0.4.7-hotspot\bin;C:\Program Files (x86)\Common Files\Intel\Shared Libraries\redist\intel64\compiler;C:\windows\system32;C:\windows;C:\windows\System32\Wbem;C:\windows\System32\WindowsPowerShell\v1.0\;C:\windows\System32\OpenSSH\;C:\Program Files\dotnet\;C:\Users\Naszuan\AppData\Local\Android\Sdk\platform-tools;C:\Users\Naszuan\AppData\Local\Android\Sdk\emulator;C:\Users\Naszuan\AppData\Local\Android\Sdk\tools;C:\Users\Naszuan\AppData\Local\Android\Sdk\tools\bin;C:\Users\Naszuan\AppData\Local\Microsoft\WindowsApps;C:\Users\Naszuan\AppData\Roaming\npm;C:\flutter\bin;c:\Users\Naszuan\AppData\Local\Programs\cursor\re;C:\WINDOWS\system32;C:\WINDOWS;C:\WINDOWS\System32\Wbem;C:\WINDOWS\System32\WindowsPowerShell\v1.0\;C:\WINDOWS\System32\OpenSSH\;C:\xampp8.2.12\mysql\bin;C:\xampp8.2.12\htdocs;C:\Users\Naszuan\AppData\Local\Programs\Python\Python313\Scripts\;C:\Users\Naszuan\AppData\Local\Programs\Python\Python313\;C:\Users\Naszuan\AppData\Local\Programs\Microsoft VS Code\bin;C:\Users\Naszuan\AppData\Local\Programs\Microsoft VS Code Insiders\bin;C:\ProgramData\ComposerSetup\bin;C:\nvm;C:\nvm4w\nodejs;C:\Program Files\GitHub CLI\;C:\Program Files\PostgreSQL\17\bin;C:\nvm4w\nodejs;C:\nvm4w;C:\Program Files\Git\cmd;C:\Program Files\PowerShell\7\;C:\WINDOWS\system32;C:\WINDOWS;C:\WINDOWS\System32\Wbem;C:\WINDOWS\System32\WindowsPowerShell\v1.0\;C:\WINDOWS\System32\OpenSSH\;C:\Program Files (x86)\Windows Kits\10\Windows Performance Toolkit\;C:\Users\Naszuan\AppData\Local\Programs\Python\Python313\Scripts\;C:\Users\Naszuan\AppData\Local\Programs\Python\Python313\;C:\Users\Naszuan\AppData\Local\Microsoft\WindowsApps;C:\Users\Naszuan\AppData\Local\Programs\Microsoft VS Code\bin;C:\flutter\bin;C:\xampp8.2.12\php\;C:\Users\Naszuan\AppData\Roaming\Composer\vendor\bin;C:\nvm;C:\nvm4w\nodejs;C:\Users\Naszuan\.fly\bin;C:\Users\Naszuan\AppData\Local\Microsoft\WindowsApps;C:\Users\Naszuan\AppData\Local\GitHubDesktop\bin
USERNAME=Naszuan
LANG=en_US.UTF-8
LC_ALL=en_US.UTF-8
OS=Windows_NT
PROCESSOR_IDENTIFIER=AMD64 Family 25 Model 80 Stepping 0, AuthenticAMD
TMP=C:\Users\Naszuan\AppData\Local\Temp
TEMP=C:\Users\Naszuan\AppData\Local\Temp




Periodic native trim disabled

---------------  S Y S T E M  ---------------

OS:
 Windows 11 , 64 bit Build 26100 (10.0.26100.7705)
OS uptime: 0 days 21:12 hours
Hyper-V role detected

CPU: total 12 (initial active 12) (12 cores per cpu, 2 threads per core) family 25 model 80 stepping 0 microcode 0xa500011, cx8, cmov, fxsr, ht, mmx, 3dnowpref, sse, sse2, sse3, ssse3, sse4a, sse4.1, sse4.2, popcnt, lzcnt, tsc, tscinvbit, avx, avx2, aes, erms, clmul, bmi1, bmi2, adx, sha, fma, vzeroupper, clflush, clflushopt, hv, rdtscp, rdpid, fsrm, f16c, cet_ss
Processor Information for all 12 processors :
  Max Mhz: 2301, Current Mhz: 2301, Mhz Limit: 2301

Memory: 4k page, system-wide physical 15711M (853M free)
TotalPageFile size 64863M (AvailPageFile size 221M)
current process WorkingSet (physical memory assigned to process): 12M, peak: 12M
current process commit charge ("private bytes"): 64M, peak: 310M

vm_info: OpenJDK 64-Bit Server VM (21.0.4+7-LTS) for windows-amd64 JRE (21.0.4+7-LTS), built on 2024-07-16T00:00:00Z by "admin" with MS VC++ 17.7 (VS2022)

END.
